\BOOKMARK [0][-]{chapter.1}{\376\377\116\316\117\134\165\050\221\317\121\372\123\321\166\204\165\065\122\250\122\233\133\146}{}% 1
\BOOKMARK [1][-]{section.1.1}{\376\377\165\065\170\301\127\072\166\204\117\134\165\050\221\317}{chapter.1}% 2
\BOOKMARK [2][-]{subsection.1.1.1}{\376\377\201\352\165\061\165\065\170\301\127\072\166\204\117\134\165\050\221\317\124\214\217\320\122\250\145\271\172\013}{section.1.1}% 3
\BOOKMARK [2][-]{subsection.1.1.2}{\376\377\116\016\156\220\200\046\124\010\166\204\165\065\170\301\127\072}{section.1.1}% 4
\BOOKMARK [2][-]{subsection.1.1.3}{\376\377\127\072\166\204\200\375\221\317\122\250\221\317\137\040\221\317}{section.1.1}% 5
\BOOKMARK [2][-]{subsection.1.1.4}{\376\377\127\072\166\204\155\033\117\046\121\171\123\330\143\142}{section.1.1}% 6
\BOOKMARK [2][-]{subsection.1.1.5}{\376\377\127\072\166\204\155\033\117\046\121\171\150\007\221\317}{section.1.1}% 7
\BOOKMARK [1][-]{section.1.2}{\376\377\145\340\217\271\165\114\166\204\176\317\121\170\165\065\170\301\127\072}{chapter.1}% 8
\BOOKMARK [2][-]{subsection.1.2.1}{\376\377\236\246\121\113\145\257\227\346\145\271\172\013}{section.1.2}% 9
\BOOKMARK [2][-]{subsection.1.2.2}{\376\377\150\074\147\227\121\375\145\160}{section.1.2}% 10
\BOOKMARK [2][-]{subsection.1.2.3}{\376\377\143\250\217\337\122\277}{section.1.2}% 11
\BOOKMARK [0][-]{chapter.2}{\376\377\227\131\127\072}{}% 12
\BOOKMARK [1][-]{section.2.1}{\376\377\167\037\172\172\116\055\166\204\227\131\127\072}{chapter.2}% 13
\BOOKMARK [2][-]{subsection.2.1.1}{\376\377\142\311\146\156\142\311\145\257\145\271\172\013}{section.2.1}% 14
\BOOKMARK [2][-]{subsection.2.1.2}{\376\377\122\006\171\273\123\330\221\317\211\343}{section.2.1}% 15
\BOOKMARK [2][-]{subsection.2.1.3}{\376\377\165\065\120\317\154\325\116\016\150\074\147\227\121\375\145\160}{section.2.1}% 16
\BOOKMARK [2][-]{subsection.2.1.4}{\376\377\131\032\147\201\134\125\137\000}{section.2.1}% 17
\BOOKMARK [1][-]{section.2.2}{\376\377\116\313\215\050}{chapter.2}% 18
\BOOKMARK [2][-]{subsection.2.2.1}{\376\377\165\065\116\313\215\050\166\204\127\372\147\054\126\376\120\317}{section.2.2}% 19
\BOOKMARK [2][-]{subsection.2.2.2}{\376\377\170\301\116\313\215\050\166\204\127\372\147\054\126\376\120\317}{section.2.2}% 20
\BOOKMARK [2][-]{subsection.2.2.3}{\376\377\153\047\131\306\133\232\137\213}{section.2.2}% 21
\BOOKMARK [2][-]{subsection.2.2.4}{\376\377\116\313\215\050\116\055\166\204\217\271\120\074\225\356\230\230}{section.2.2}% 22
\BOOKMARK [0][-]{chapter.3}{\376\377\122\250\127\072}{}% 23
\BOOKMARK [1][-]{section.3.1}{\376\377\154\342\122\250}{chapter.3}% 24
\BOOKMARK [2][-]{subsection.3.1.1}{\376\377\201\352\165\061\145\340\165\114\172\172\225\364\116\055\166\204\127\072}{section.3.1}% 25
\BOOKMARK [2][-]{subsection.3.1.2}{\376\377\154\342\122\250\127\050\133\374\117\123\116\055\166\204\117\040\144\255}{section.3.1}% 26
\BOOKMARK [1][-]{section.3.2}{\376\377\154\342\133\374\124\214\214\020\143\057\201\124}{chapter.3}% 27
\BOOKMARK [2][-]{subsection.3.2.1}{\376\377\214\020\143\057\201\124}{section.3.2}% 28
\BOOKMARK [2][-]{subsection.3.2.2}{\376\377\154\342\133\374}{section.3.2}% 29
\BOOKMARK [1][-]{section.3.3}{\376\377\217\220\134\004}{chapter.3}% 30
\BOOKMARK [2][-]{subsection.3.3.1}{\376\377\165\065\120\166\147\201\217\220\134\004}{section.3.3}% 31
